[2015-04-01 16:58:12] START
[2015-04-03 16:33:24] CREATE show.html: 0
[2015-04-03 16:33:38] DELETE health/views/show.html: -3
[2015-04-03 16:34:01] CREATE default/show.html: 0
[2015-04-03 16:35:42] EDIT health/views/default/show.html: 4
[2015-04-03 16:37:52] EDIT health/views/default/comment.html: 4
[2015-04-03 16:45:31] EDIT health/controllers/default.py: 3
[2015-04-03 16:55:11] EDIT health/views/default/show.html: 0
[2015-04-03 17:01:33] EDIT health/views/default/comment.html: 2
[2015-04-03 17:02:28] EDIT health/controllers/default.py: 0
[2015-04-03 17:03:56] EDIT health/controllers/default.py: 0
[2015-04-03 17:10:41] EDIT health/views/default/comment.html: 0
[2015-04-03 17:12:33] EDIT health/views/default/comment.html: 0
[2015-04-03 17:14:46] EDIT health/views/default/comment.html: 0
[2015-04-03 17:20:02] EDIT health/views/default/show.html: 0
[2015-04-03 17:23:25] EDIT health/views/default/comment.html: 0
[2015-04-03 17:24:06] EDIT health/views/default/show.html: -1
[2015-04-03 17:26:58] EDIT health/models/menu.py: 0
[2015-04-03 17:27:13] EDIT health/models/menu.py: 0
[2015-04-03 17:27:34] EDIT health/models/menu.py: 0
[2015-04-03 17:33:13] EDIT health/models/menu.py: 0
[2015-04-03 17:35:56] EDIT health/controllers/default.py: 3
[2015-04-03 17:36:18] CREATE default/contact.html: 0
[2015-04-03 17:37:47] EDIT health/views/default/contact.html: 0
[2015-04-03 17:40:23] EDIT health/views/default/contact.html: 5
[2015-04-03 17:40:42] EDIT health/views/default/contact.html: 1
[2015-04-03 17:41:38] EDIT health/controllers/default.py: 0
[2015-04-03 17:42:33] EDIT health/controllers/default.py: -1
[2015-04-03 17:43:01] EDIT health/controllers/default.py: 1
[2015-04-03 17:47:24] EDIT health/controllers/default.py: 0
[2015-04-03 21:26:03] EDIT health/models/menu.py: 3
[2015-04-03 21:27:52] EDIT health/models/menu.py: -93
[2015-04-03 21:30:25] EDIT health/models/menu.py: 1
[2015-04-03 21:31:20] EDIT health/models/menu.py: 0
[2015-04-03 21:32:06] EDIT health/models/menu.py: 0
[2015-04-03 21:32:30] EDIT health/models/menu.py: 0
[2015-04-03 21:32:45] EDIT health/models/menu.py: 0
[2015-04-03 21:36:26] EDIT health/models/menu.py: 1
[2015-04-03 21:36:39] EDIT health/models/menu.py: 0
[2015-04-03 21:36:50] EDIT health/models/menu.py: 0
[2015-04-05 10:24:38] EDIT health/controllers/default.py: 1
[2015-04-05 10:25:41] EDIT health/views/default/comment.html: -2
[2015-04-05 10:26:05] EDIT health/views/default/comment.html: 0
[2015-04-05 10:26:35] CREATE default/create.html: 0
[2015-04-05 10:28:39] EDIT health/views/default/create.html: 2
[2015-04-05 10:30:05] EDIT health/views/default/create.html: -2
[2015-04-05 10:40:01] EDIT health/views/default/create.html: 0
[2015-04-05 10:41:57] EDIT health/controllers/default.py: 1
[2015-04-05 10:49:05] EDIT health/models/menu.py: 1
[2015-04-05 10:54:09] EDIT health/models/menu.py: 0
[2015-04-05 10:54:48] EDIT health/views/default/create.html: 0
[2015-04-05 11:03:26] EDIT health/controllers/default.py: 0
[2015-04-05 11:04:00] EDIT health/controllers/default.py: 0
[2015-04-05 11:05:30] EDIT health/controllers/default.py: 0
[2015-04-05 11:09:57] EDIT health/controllers/default.py: 4
[2015-04-05 11:10:12] EDIT health/controllers/default.py: 0
[2015-04-05 11:13:31] EDIT health/controllers/default.py: 3
[2015-04-05 11:16:49] EDIT health/controllers/default.py: 1
[2015-04-05 11:57:07] CREATE default/manage.html: 0
[2015-04-05 11:57:27] EDIT health/views/default/manage.html: -1
[2015-04-05 11:57:34] EDIT health/controllers/default.py: 0
[2015-04-05 12:00:20] EDIT health/models/menu.py: 1
[2015-04-05 12:15:33] EDIT health/models/db1.py: 0
[2015-04-05 12:20:20] EDIT health/controllers/default.py: 2
[2015-04-05 12:20:31] EDIT health/models/db1.py: 0
[2015-04-05 12:23:01] EDIT health/views/default/comment.html: 0
[2015-04-05 12:24:13] EDIT health/views/default/comment.html: 0
[2015-04-05 12:24:14] EDIT health/views/default/comment.html: 0
[2015-04-05 12:24:15] EDIT health/views/default/comment.html: 0
[2015-04-05 12:24:16] EDIT health/views/default/comment.html: 0
[2015-04-05 12:24:16] EDIT health/views/default/comment.html: 0
[2015-04-05 12:24:17] EDIT health/views/default/comment.html: 0
[2015-04-05 12:24:17] EDIT health/views/default/comment.html: 0
[2015-04-05 12:24:17] EDIT health/views/default/comment.html: 0
[2015-04-05 12:24:18] EDIT health/views/default/comment.html: 0
[2015-04-05 12:24:18] EDIT health/views/default/comment.html: 0
[2015-04-05 12:24:18] EDIT health/views/default/comment.html: 0
[2015-04-05 12:24:19] EDIT health/views/default/comment.html: 0
[2015-04-05 12:27:55] EDIT health/controllers/default.py: -3
[2015-04-05 12:28:26] EDIT health/controllers/default.py: 0
[2015-04-05 12:30:29] EDIT health/views/default/show.html: 0
[2015-04-05 12:31:59] EDIT health/views/default/show.html: 0
[2015-04-05 12:36:36] EDIT health/controllers/default.py: 0
[2015-04-05 12:40:59] EDIT health/views/default/show.html: -2
[2015-04-05 12:44:45] EDIT health/views/default/show.html: 0
[2015-04-05 12:47:22] EDIT health/views/default/show.html: 0
[2015-04-05 12:58:02] EDIT health/controllers/default.py: 0
[2015-04-07 16:13:59] EDIT health/models/menu.py: 0
[2015-04-07 16:15:03] EDIT health/models/menu.py: 0
[2015-04-07 16:15:03] EDIT health/models/menu.py: 0
[2015-04-07 16:15:03] EDIT health/models/menu.py: 0
[2015-04-07 16:15:04] EDIT health/models/menu.py: 0
[2015-04-07 16:15:04] EDIT health/models/menu.py: 0
[2015-04-07 16:32:19] EDIT health/models/menu.py: 7
[2015-04-07 16:32:19] EDIT health/models/menu.py: 0
[2015-04-07 16:32:19] EDIT health/models/menu.py: 0
[2015-04-07 16:32:20] EDIT health/models/menu.py: 0
[2015-04-07 16:32:21] EDIT health/models/menu.py: 0
[2015-04-07 16:32:21] EDIT health/models/menu.py: 0
[2015-04-07 16:32:33] EDIT health/models/menu.py: 0
[2015-04-07 16:32:35] EDIT health/models/menu.py: 0
[2015-04-07 16:32:35] EDIT health/models/menu.py: 0
[2015-04-07 16:32:35] EDIT health/models/menu.py: 0
[2015-04-07 16:32:35] EDIT health/models/menu.py: 0
[2015-04-07 16:32:35] EDIT health/models/menu.py: 0
[2015-04-07 16:34:23] EDIT health/models/menu.py: -3
[2015-04-07 16:35:20] EDIT health/models/menu.py: 0
[2015-04-07 16:36:48] CREATE default/faq.html: 0
[2015-04-07 16:39:18] EDIT health/views/default/faq.html: 8
[2015-04-07 16:40:54] EDIT health/controllers/default.py: 3
[2015-04-07 16:41:26] EDIT health/models/menu.py: 0
[2015-04-07 16:44:00] EDIT health/views/default/faq.html: 0
[2015-04-07 16:44:58] EDIT health/views/default/faq.html: 0
[2015-04-07 16:46:25] EDIT health/models/menu.py: 0
[2015-04-07 16:47:16] EDIT health/models/menu.py: 0
[2015-04-07 18:50:02] EDIT health/models/menu.py: 0
[2015-04-08 11:11:00] EDIT health/controllers/default.py: 2
[2015-04-08 11:11:43] EDIT health/controllers/default.py: 0
[2015-04-27 07:51:59] EDIT health/controllers/default.py: 0
[2015-04-27 08:32:05] EDIT health/controllers/default.py: 0
[2015-04-30 19:59:30] EDIT health/controllers/default.py: 0
[2015-05-02 20:17:10] EDIT health/models/db1.py: 4
[2015-05-02 20:19:06] EDIT health/models/db1.py: 3
[2015-05-02 22:31:19] EDIT health/models/db1.py: 8
[2015-05-02 22:33:35] EDIT health/models/db1.py: 1
[2015-05-02 22:34:56] EDIT health/controllers/default.py: 7
[2015-05-02 22:36:18] CREATE default/appoint.html: 0
[2015-05-02 22:37:21] EDIT health/views/default/appoint.html: 1
[2015-05-02 22:38:40] EDIT health/models/db1.py: 1
[2015-05-02 22:39:30] EDIT health/models/db1.py: 0
[2015-05-02 22:43:08] EDIT health/controllers/default.py: 7
[2015-05-02 22:43:17] EDIT health/views/default/appoint.html: 0
[2015-05-02 22:43:45] EDIT health/models/db1.py: 0
[2015-05-02 22:44:39] EDIT health/models/db1.py: 0
[2015-05-02 22:45:49] EDIT health/models/db1.py: 0
[2015-05-02 22:46:14] EDIT health/models/db1.py: 0
[2015-05-02 22:46:33] EDIT health/controllers/default.py: 0
[2015-05-02 22:47:06] EDIT health/models/db1.py: 0
[2015-05-02 22:47:08] EDIT health/models/db1.py: 0
[2015-05-02 22:48:52] EDIT health/models/db1.py: 0
[2015-05-02 22:49:36] EDIT health/models/db1.py: 0
[2015-05-02 22:49:40] EDIT health/controllers/default.py: 0
[2015-05-02 22:50:41] EDIT health/views/default/appoint.html: -1
[2015-05-02 22:52:30] EDIT health/views/default/appoint.html: 0
[2015-05-02 22:52:53] CREATE default/equipm.html: 0
[2015-05-02 22:55:20] EDIT health/models/db1.py: 1
[2015-05-02 23:01:39] EDIT health/controllers/default.py: 7
[2015-05-02 23:02:07] CREATE default/staff.html: 0
[2015-05-02 23:03:06] EDIT health/views/default/staff.html: 0
[2015-05-02 23:04:58] DELETE health/views/default/staff.html: -3
[2015-05-02 23:05:26] CREATE default/add_staff.html: 0
[2015-05-02 23:06:11] EDIT health/views/default/add_staff.html: 0
[2015-05-02 23:14:50] CREATE default/prev_appoint.html: 0
[2015-05-02 23:21:45] EDIT health/views/default/prev_appoint.html: 12
[2015-05-03 00:01:44] EDIT health/views/default/prev_appoint.html: 0
[2015-05-03 00:02:34] CREATE default/show_a.html: 0
[2015-05-03 00:04:16] EDIT health/controllers/default.py: 3
[2015-05-03 00:04:30] EDIT health/controllers/default.py: 0
[2015-05-03 00:06:07] EDIT health/controllers/default.py: 3
[2015-05-03 00:07:59] EDIT health/views/default/prev_appoint.html: 0
[2015-05-03 00:10:13] EDIT health/views/default/show_a.html: 1
[2015-05-03 00:14:01] EDIT health/controllers/default.py: 0
[2015-05-03 00:14:10] EDIT health/views/default/comment.html: 0
[2015-05-03 00:14:48] EDIT health/controllers/default.py: 0
[2015-05-03 08:15:45] EDIT health/models/db1.py: 7
[2015-05-03 08:17:54] EDIT health/controllers/default.py: 7
[2015-05-03 08:18:23] CREATE default/add_m.html: 0
[2015-05-03 08:19:59] EDIT health/views/default/add_m.html: 0
[2015-05-03 08:28:17] EDIT health/views/default/add_m.html: 0
[2015-05-03 08:33:46] CREATE default/viewm.html: 0
[2015-05-03 08:37:53] EDIT health/controllers/default.py: 6
[2015-05-03 08:38:01] EDIT health/views/default/viewm.html: 12
[2015-05-03 08:38:23] EDIT health/views/default/viewm.html: 0
[2015-05-03 08:44:49] EDIT health/controllers/default.py: 0
[2015-05-03 08:48:48] CREATE default/show_m.html: 0
[2015-05-03 08:49:04] EDIT health/views/default/show_m.html: -2
[2015-05-03 13:13:27] EDIT health/controllers/default.py: 0
[2015-05-03 14:07:18] EDIT health/views/default/show_m.html: 3
[2015-05-03 14:29:00] EDIT health/views/default/show_m.html: 1
[2015-05-03 14:29:51] EDIT health/views/default/show_m.html: 0
[2015-05-03 14:53:40] EDIT health/views/default/show_a.html: 1
[2015-05-03 14:54:19] EDIT health/views/default/show_a.html: 0
[2015-05-03 15:03:40] EDIT health/models/menu.py: 7
[2015-05-03 15:17:05] EDIT health/models/menu.py: 0
[2015-05-03 15:18:52] EDIT health/controllers/default.py: 4
[2015-05-03 15:19:21] EDIT health/models/menu.py: 0
[2015-05-03 15:24:34] EDIT health/models/menu.py: 5
[2015-05-03 15:25:56] EDIT health/models/menu.py: 0
[2015-05-03 15:26:39] EDIT health/controllers/default.py: 0
[2015-05-03 15:26:42] EDIT health/models/db1.py: 0
[2015-05-03 16:18:18] EDIT health/models/menu.py: 2
[2015-05-03 17:25:48] EDIT health/models/menu.py: 0
[2015-05-03 17:29:53] EDIT health/models/menu.py: 0
[2015-05-03 17:38:05] EDIT health/controllers/default.py: 4
[2015-05-03 19:15:03] EDIT health/views/default/Homepage.html: 0
[2015-05-03 19:17:25] EDIT health/views/default/Homepage.html: 0
[2015-05-03 19:17:47] EDIT health/views/default/add_m.html: 0
[2015-05-03 19:18:05] EDIT health/views/default/add_m.html: 0
[2015-05-03 19:18:18] EDIT health/views/default/Homepage.html: 0
[2015-05-03 19:20:02] EDIT health/models/menu.py: 0
[2015-05-03 19:20:04] EDIT health/models/menu.py: 0
[2015-05-03 19:20:04] EDIT health/models/menu.py: 0
[2015-05-03 19:20:05] EDIT health/models/menu.py: 0
[2015-05-03 19:20:05] EDIT health/models/menu.py: 0
[2015-05-03 19:20:05] EDIT health/models/menu.py: 0
[2015-05-03 19:20:05] EDIT health/models/menu.py: 0
[2015-05-03 19:20:06] EDIT health/models/menu.py: 0
[2015-05-03 19:20:06] EDIT health/models/menu.py: 0
[2015-05-03 19:27:09] EDIT health/views/default/add_m.html: 0
[2015-05-03 19:27:38] EDIT health/views/default/add_m.html: 0
[2015-05-03 19:31:14] EDIT health/controllers/default.py: 7
[2015-05-04 10:23:38] EDIT health/controllers/default.py: 0
[2015-05-04 10:23:45] EDIT health/controllers/default.py: 0
[2015-05-04 10:26:12] EDIT health/controllers/default.py: 0
[2015-05-04 10:27:00] EDIT health/controllers/default.py: 3
[2015-05-04 10:27:27] CREATE default/show_s.html: 0
[2015-05-04 10:31:46] EDIT health/views/default/show_s.html: 3
[2015-05-04 10:32:44] CREATE default/view_s.html: 0
[2015-05-04 10:35:42] EDIT health/views/default/view_s.html: 12
[2015-05-04 10:41:35] EDIT health/views/default/view_s.html: 0
[2015-05-04 10:42:25] EDIT health/views/default/view_s.html: 0
[2015-05-04 10:46:05] EDIT health/models/menu.py: 7
[2015-05-04 10:47:00] EDIT health/views/default/view_s.html: 0
[2015-05-04 10:47:24] EDIT health/models/menu.py: 0
[2015-05-04 10:49:00] EDIT health/views/default/add_staff.html: 0
[2015-05-04 12:40:49] EDIT health/controllers/default.py: 21
[2015-05-04 12:41:03] EDIT health/controllers/default.py: 0
[2015-05-04 12:41:12] EDIT health/controllers/default.py: 0
[2015-05-04 12:41:31] EDIT health/controllers/default.py: 0
[2015-05-04 12:45:07] EDIT health/controllers/default.py: 0
[2015-05-04 12:45:07] EDIT health/controllers/default.py: 0
[2015-05-04 12:47:06] EDIT health/models/db1.py: 1
[2015-05-04 12:47:37] EDIT health/models/db1.py: 0
[2015-05-04 12:47:59] EDIT health/models/db1.py: 0
[2015-05-04 12:48:32] EDIT health/models/db1.py: 0
[2015-05-04 12:50:30] EDIT health/controllers/default.py: 0
[2015-05-04 12:56:21] EDIT health/views/default/index.html: 0
[2015-05-04 12:56:49] EDIT health/views/default/index.html: -6
[2015-05-04 19:50:16] CREATE default/see.html: 0
[2015-05-04 19:53:47] EDIT health/views/default/see.html: 11
[2015-05-04 19:54:09] EDIT health/controllers/default.py: 4
[2015-05-04 19:54:12] EDIT health/views/default/see.html: 0
[2015-05-04 19:56:55] EDIT health/controllers/default.py: 0
[2015-05-04 19:57:22] EDIT health/models/db1.py: 0
[2015-05-04 19:57:48] EDIT health/controllers/default.py: 0
[2015-05-04 19:57:50] EDIT health/controllers/default.py: 0
[2015-05-04 19:58:03] EDIT health/views/default/view_s.html: 0
[2015-05-04 19:58:05] EDIT health/views/default/see.html: 0
[2015-05-04 19:58:08] EDIT health/models/db1.py: 0
[2015-05-04 20:59:34] EDIT health/models/db1.py: 1
[2015-05-04 21:03:20] EDIT health/models/db1.py: 2
[2015-05-04 21:03:24] EDIT health/models/db1.py: 0
[2015-05-04 21:04:27] EDIT health/controllers/default.py: 0
[2015-05-04 21:16:47] EDIT health/views/default/show_s.html: 1
[2015-05-04 21:17:03] EDIT health/views/default/show_s.html: 0
[2015-05-04 21:18:17] EDIT health/views/default/show_s.html: 1
[2015-05-04 21:40:30] EDIT health/controllers/default.py: -2
[2015-05-04 21:41:11] CREATE default/cappoint.html: 0
[2015-05-04 21:41:21] EDIT health/views/default/cappoint.html: -1
[2015-05-04 21:45:10] EDIT health/controllers/default.py: 1
[2015-05-04 21:45:27] EDIT health/controllers/default.py: 0
[2015-05-04 21:47:42] EDIT health/controllers/default.py: 0
[2015-05-04 21:48:59] EDIT health/views/default/cappoint.html: 2
[2015-05-04 21:51:05] EDIT health/controllers/default.py: 0
[2015-05-04 21:51:10] EDIT health/controllers/default.py: 0
[2015-05-04 21:51:24] EDIT health/controllers/default.py: -1
[2015-05-04 21:52:09] EDIT health/controllers/default.py: 0
[2015-05-04 21:52:42] EDIT health/controllers/default.py: 1
[2015-05-04 21:54:03] EDIT health/views/default/cappoint.html: 0
[2015-05-04 21:54:23] EDIT health/views/default/cappoint.html: 0
[2015-05-04 21:54:57] EDIT health/views/default/cappoint.html: 1
[2015-05-04 21:55:07] EDIT health/views/default/cappoint.html: -1
[2015-05-04 21:55:19] EDIT health/controllers/default.py: -7
[2015-05-04 21:55:20] EDIT health/controllers/default.py: 0
[2015-05-04 21:55:34] EDIT health/views/default/cappoint.html: 0
[2015-05-04 21:56:16] EDIT health/controllers/default.py: 1
[2015-05-04 21:56:25] EDIT health/views/default/cappoint.html: 1
[2015-05-04 21:57:05] EDIT health/controllers/default.py: 0
[2015-05-04 21:57:23] EDIT health/views/default/cappoint.html: -1
[2015-05-04 21:59:42] EDIT health/models/db1.py: -1
[2015-05-04 21:59:45] EDIT health/models/db1.py: 0
[2015-05-04 22:02:28] EDIT health/controllers/default.py: 0
[2015-05-04 22:04:24] EDIT health/views/default/cappoint.html: 1
[2015-05-04 22:05:30] EDIT health/views/default/cappoint.html: 0
[2015-05-04 22:06:58] EDIT health/controllers/default.py: 0
[2015-05-04 22:51:29] EDIT health/controllers/default.py: 3
[2015-05-04 22:51:47] CREATE default/aboutus.html: 0
[2015-05-04 22:53:06] EDIT health/views/default/aboutus.html: 79
[2015-05-04 22:54:03] EDIT health/models/menu.py: 0
[2015-05-04 22:54:33] EDIT health/views/default/aboutus.html: -1
[2015-05-04 22:54:55] EDIT health/models/menu.py: 0
[2015-05-04 22:55:39] EDIT health/controllers/default.py: 3
[2015-05-04 22:56:06] CREATE default/kma.html: 0
[2015-05-04 22:56:42] EDIT health/views/default/kma.html: 10
[2015-05-04 22:59:13] EDIT health/models/menu.py: -1
[2015-05-04 23:03:26] EDIT health/views/default/aboutus.html: 2
[2015-05-04 23:03:48] EDIT health/views/default/aboutus.html: -1
[2015-05-05 17:56:43] EDIT health/models/db.py: 4
[2015-05-05 12:46:08] EDIT aarogya/controllers/default.py: 6
[2015-05-05 13:05:35] EDIT aarogya/views/default/contact.html: 0
[2015-05-05 13:06:19] EDIT aarogya/views/default/contact.html: 1
[2015-05-05 13:12:15] CREATE default/manage_s.html: 0
[2015-05-05 13:12:31] EDIT aarogya/views/default/manage_s.html: -1
[2015-05-05 13:12:53] CREATE default/manage_med.html: 0
[2015-05-05 13:13:14] EDIT aarogya/views/default/manage_med.html: -1
[2015-05-05 13:14:03] CREATE default/manage_appoint.html: 0
[2015-05-05 13:14:20] EDIT aarogya/views/default/manage_appoint.html: -1
[2015-05-05 14:58:05] EDIT aarogya/controllers/default.py: 1
[2015-05-05 14:58:25] EDIT aarogya/controllers/default.py: 1
[2015-05-05 14:58:46] EDIT aarogya/controllers/default.py: 1
[2015-05-05 14:58:57] EDIT aarogya/controllers/default.py: 1
[2015-05-05 14:59:16] EDIT aarogya/controllers/default.py: 1
[2015-05-05 15:28:39] EDIT aarogya/models/menu.py: -1
[2015-05-05 15:28:51] EDIT aarogya/models/menu.py: 0
[2015-05-05 16:30:20] EDIT aarogya/controllers/default.py: 0
[2015-05-05 16:33:08] EDIT aarogya/controllers/default.py: 0
[2015-05-05 16:33:46] EDIT aarogya/views/default/cappoint.html: 1
[2015-05-05 16:34:23] EDIT aarogya/views/default/cappoint.html: 1
[2015-05-05 16:34:50] EDIT aarogya/views/default/cappoint.html: 0
[2015-05-05 16:35:54] EDIT aarogya/views/default/show_s.html: -3
[2015-05-05 16:52:43] EDIT aarogya/views/default/aboutus.html: 0
[2015-05-05 16:53:34] UPLOAD /home/mandy114/web2py/applications/aarogya/static/IIIT.jpg: 24
[2015-05-05 16:54:05] DELETE aarogya/static/IIIT.jpg: -24
[2015-05-05 16:56:08] UPLOAD /home/mandy114/web2py/applications/aarogya/static/images/IIIT.jpg: 24
[2015-05-05 17:02:42] EDIT aarogya/views/default/contact.html: 1
[2015-05-05 18:01:48] EDIT aarogya/views/default/index.html: 1
